2025-04-13 22:28:36,982 - INFO - User 6618869909 requested profile view
2025-04-13 22:29:37,191 - INFO - User 6618869909 clicked profile button: edit_joined_on
2025-04-13 22:29:44,384 - INFO - User 6618869909 requested profile view
2025-04-13 22:33:52,308 - INFO - User 6618869909 clicked profile button: edit_email
2025-04-13 22:34:04,360 - INFO - User 6618869909 step: email, input: Hcv
2025-04-13 22:34:04,362 - INFO - User 6618869909 updated email
2025-04-13 22:34:09,989 - INFO - User 6618869909 requested profile view
2025-04-13 22:34:15,535 - INFO - /register triggered by user 6618869909
2025-04-13 22:34:19,917 - INFO - User 6618869909 step: name, input: Hgc
2025-04-13 22:34:25,961 - INFO - User 6618869909 step: phone, input: 0911314243
2025-04-13 22:34:30,667 - INFO - User 6618869909 step: email, input: Hgv
2025-04-13 22:34:35,280 - INFO - User 6618869909 step: joined_on, input: 2024-12-25
2025-04-13 22:34:35,283 - INFO - Saving profile for user 6618869909
2025-04-13 22:34:35,290 - INFO - User 6618869909 completed registration
2025-04-13 22:34:40,299 - INFO - User 6618869909 requested profile view
2025-04-13 22:36:27,018 - INFO - User 6618869909 requested profile view
2025-04-13 22:37:52,294 - INFO - User 6618869909 requested profile view
2025-04-13 22:38:20,654 - INFO - User 6618869909 clicked profile button: edit_joined_on
2025-04-13 22:38:27,107 - INFO - User 6618869909 step: joined_on, input: 2024-12-25
2025-04-13 22:38:27,116 - INFO - User 6618869909 updated joined_on
2025-04-13 22:38:36,426 - INFO - User 6618869909 requested profile view
2025-04-14 09:02:44,081 - INFO - User 6618869909 requested profile view
2025-04-14 09:17:38,133 - INFO - User 6618869909 requested profile view
2025-04-14 09:20:53,089 - INFO - User 6618869909 requested profile view
2025-04-14 09:20:55,474 - INFO - User 6618869909 clicked profile button: delete_profile
2025-04-14 09:20:59,560 - INFO - User 6618869909 clicked profile button: confirm_delete_yes
2025-04-14 09:20:59,572 - INFO - User 6618869909 confirmed deletion and profile was deleted
2025-04-14 09:21:04,071 - INFO - User 6618869909 requested profile view
2025-04-14 09:21:41,973 - INFO - User 6618869909 requested profile view
2025-04-14 09:21:44,417 - INFO - /register triggered by user 6618869909
2025-04-14 09:21:47,182 - INFO - User 6618869909 step: name, input: sdsdvf
2025-04-14 09:21:55,308 - INFO - User 6618869909 step: phone, input: 0911341256
2025-04-14 09:21:58,508 - INFO - User 6618869909 step: email, input: dfsf
2025-04-14 09:22:04,078 - INFO - User 6618869909 step: joined_on, input: sdcsd
2025-04-14 09:22:04,079 - WARNING - User 6618869909 provided invalid date: sdcsd
2025-04-14 09:22:09,215 - INFO - User 6618869909 step: joined_on, input: 2024-12-25
2025-04-14 09:22:09,215 - INFO - Saving profile for user 6618869909
2025-04-14 09:22:09,232 - INFO - User 6618869909 completed registration
2025-04-14 09:22:16,894 - INFO - User 6618869909 requested profile view
2025-04-14 09:22:24,372 - INFO - User 6618869909 clicked profile button: edit_email
2025-04-14 09:22:26,903 - INFO - User 6618869909 step: email, input: sdsd
2025-04-14 09:22:26,908 - INFO - User 6618869909 updated email
2025-04-14 09:22:28,985 - INFO - User 6618869909 requested profile view
2025-04-14 09:22:31,315 - INFO - User 6618869909 clicked profile button: edit_phone
2025-04-14 09:22:35,214 - INFO - User 6618869909 step: phone, input: 0911314243
2025-04-14 09:22:35,217 - INFO - User 6618869909 updated phone
2025-04-14 09:22:38,183 - INFO - User 6618869909 requested profile view
2025-04-14 09:22:40,225 - INFO - User 6618869909 clicked profile button: edit_name
2025-04-14 09:22:42,488 - INFO - User 6618869909 step: name, input: asdwd
2025-04-14 09:22:42,495 - INFO - User 6618869909 updated name
2025-04-14 09:22:53,233 - INFO - User 6618869909 requested profile view
2025-04-14 09:22:55,996 - INFO - User 6618869909 clicked profile button: edit_joined_on
2025-04-14 09:22:59,170 - INFO - User 6618869909 step: joined_on, input: 2024-12-25
2025-04-14 09:22:59,177 - INFO - User 6618869909 updated joined_on
2025-04-14 09:23:03,266 - INFO - User 6618869909 requested profile view
2025-04-14 09:23:04,903 - INFO - User 6618869909 clicked profile button: delete_profile
2025-04-14 09:23:08,898 - INFO - User 6618869909 clicked profile button: confirm_delete_yes
2025-04-14 09:23:08,905 - INFO - User 6618869909 confirmed deletion and profile was deleted
2025-04-14 09:23:17,306 - INFO - /register triggered by user 6618869909
2025-04-14 09:23:20,884 - INFO - User 6618869909 requested profile view
2025-04-14 09:25:27,672 - INFO - /register triggered by user 6618869909
2025-04-14 09:25:31,155 - INFO - User 6618869909 requested profile view
2025-04-14 09:25:37,653 - INFO - /register triggered by user 6618869909
2025-04-14 09:25:40,357 - INFO - User 6618869909 step: name, input: sdcsd
2025-04-14 09:25:44,943 - INFO - User 6618869909 step: phone, input: 0911314243
2025-04-14 09:25:47,525 - INFO - User 6618869909 step: email, input: adsdfds
2025-04-14 09:25:52,335 - INFO - User 6618869909 step: joined_on, input: sc
2025-04-14 09:25:52,337 - WARNING - User 6618869909 provided invalid date: sc
2025-04-14 09:25:57,865 - INFO - User 6618869909 step: joined_on, input: 2024-12-25
2025-04-14 09:25:57,865 - INFO - Saving profile for user 6618869909
2025-04-14 09:25:57,872 - INFO - User 6618869909 completed registration
2025-04-14 09:27:40,165 - INFO - User 6618869909 requested profile view
2025-04-14 09:27:45,401 - INFO - User 6618869909 clicked profile button: delete_profile
2025-04-14 09:27:48,209 - INFO - User 6618869909 clicked profile button: confirm_delete_yes
2025-04-14 09:27:48,217 - INFO - User 6618869909 confirmed deletion and profile was deleted
